
Showing logs for build [32msalaboy-fmtok8s-jnation-app-pr-w6t45-1[0m stage [32mfrom-build-pack[0m and container [32mstep-credential-initializer-skhqd[0m
{"level":"info","ts":1591041316.607633,"logger":"fallback-logger","caller":"logging/config.go:69","msg":"Fetch GitHub commit ID from kodata failed: open /var/run/ko/refs/heads/0.8.0-ns-support: no such file or directory"}
{"level":"info","ts":1591041316.6084092,"logger":"fallback-logger","caller":"creds-init/main.go:40","msg":"Credentials initialized."}

Showing logs for build [32msalaboy-fmtok8s-jnation-app-pr-w6t45-1[0m stage [32mfrom-build-pack[0m and container [32mstep-working-dir-initializer-tw8zp[0m
{"level":"info","ts":1591041317.0341752,"logger":"fallback-logger","caller":"logging/config.go:69","msg":"Fetch GitHub commit ID from kodata failed: open /var/run/ko/HEAD: no such file or directory"}
{"level":"info","ts":1591041317.0529401,"logger":"fallback-logger","caller":"bash/main.go:64","msg":"Successfully executed command \"sh -c mkdir -p /workspace/source\"; output "}

Showing logs for build [32msalaboy-fmtok8s-jnation-app-pr-w6t45-1[0m stage [32mfrom-build-pack[0m and container [32mstep-place-tools[0m

Showing logs for build [32msalaboy-fmtok8s-jnation-app-pr-w6t45-1[0m stage [32mfrom-build-pack[0m and container [32mstep-git-source-salaboy-fmtok8s-jnation-app-pr-w6t45-cjgvd[0m
{"level":"info","ts":1591041322.3134828,"logger":"fallback-logger","caller":"logging/config.go:69","msg":"Fetch GitHub commit ID from kodata failed: open /var/run/ko/refs/heads/0.8.0-ns-support: no such file or directory"}
{"level":"info","ts":1591041323.5932348,"logger":"fallback-logger","caller":"git/git.go:103","msg":"Successfully cloned https://github.com/*******/fmtok8s-jnation-app.git @ master in path /workspace/source"}

Showing logs for build [32msalaboy-fmtok8s-jnation-app-pr-w6t45-1[0m stage [32mfrom-build-pack[0m and container [32mstep-git-merge[0m
Using SHAs from PULL_REFS=master:6922349798032360b79fc6447e184ad33b359109,1:4251526d29b71ba88df237fbcfe6130903c72906
DEBUG: LC_ALL=C JX_LOG_LEVEL=error git fetch origin --unshallow 4251526d29b71ba88df237fbcfe6130903c72906: 6922349798032360b79fc6447e184ad33b359109:
DEBUG: ran git fetch --unshallow origin 4251526d29b71ba88df237fbcfe6130903c72906: 6922349798032360b79fc6447e184ad33b359109: in 
DEBUG: LC_ALL=C JX_LOG_LEVEL=error git branch
DEBUG: LC_ALL=C JX_LOG_LEVEL=error git checkout master
DEBUG: ran git checkout master in 
DEBUG: LC_ALL=C JX_LOG_LEVEL=error git reset --hard 6922349798032360b79fc6447e184ad33b359109
DEBUG: ran git reset --hard 6922349798032360b79fc6447e184ad33b359109 in 
DEBUG: LC_ALL=C JX_LOG_LEVEL=error git clean -fd .
DEBUG: ran clean --force -d . in 
DEBUG: LC_ALL=C JX_LOG_LEVEL=error git merge 4251526d29b71ba88df237fbcfe6130903c72906
DEBUG: ran git merge 4251526d29b71ba88df237fbcfe6130903c72906 in 
DEBUG: LC_ALL=C JX_LOG_LEVEL=error git log --format=%H%x1f%an%x1f%ae%x1f%cn%x1f%ce%x1f%s%n%b%x1e 6922349798032360b79fc6447e184ad33b359109..HEAD
Merged SHA 4251526d29b71ba88df237fbcfe6130903c72906 with commit message 'chore(deps): bump https://github.com/*******/fmtok8s-agenda from 0.0.30 to 0.0.31' into base branch master

Showing logs for build [32msalaboy-fmtok8s-jnation-app-pr-w6t45-1[0m stage [32mfrom-build-pack[0m and container [32mstep-build-build[0m
cat: /builder/home/basic-auth-user.json: No such file or directory
cat: /builder/home/basic-auth-pass.json: No such file or directory
rm -rf jnation-app/charts
rm -rf jnation-app/jnation-app*.tgz
rm -rf jnation-app/requirements.lock
helm init --client-only
Creating /builder/home/.helm 
Creating /builder/home/.helm/repository 
Creating /builder/home/.helm/repository/cache 
Creating /builder/home/.helm/repository/local 
Creating /builder/home/.helm/plugins 
Creating /builder/home/.helm/starters 
Creating /builder/home/.helm/cache/archive 
Creating /builder/home/.helm/repository/repositories.yaml 
Adding stable repo with URL: https://kubernetes-charts.storage.googleapis.com 
Adding local repo with URL: http://127.0.0.1:8879/charts 
$HELM_HOME has been configured at /builder/home/.helm.
Not installing Tiller due to 'client-only' flag having been set
Happy Helming!
helm repo add jenkins-x http://chartmuseum.jenkins-x.io
"jenkins-x" has been added to your repositories
helm repo add zeebe http://helm.zeebe.io
"zeebe" has been added to your repositories
helm repo add releases http://jenkins-x-chartmuseum:8080
"releases" has been added to your repositories
helm dependency build jnation-app
Hang tight while we grab the latest from your chart repositories...
...Unable to get an update from the "local" chart repository (http://127.0.0.1:8879/charts):
	Get http://127.0.0.1:8879/charts/index.yaml: dial tcp 127.0.0.1:8879: connect: connection refused
...Successfully got an update from the "releases" chart repository
...Successfully got an update from the "zeebe" chart repository
...Successfully got an update from the "stable" chart repository
...Successfully got an update from the "jenkins-x" chart repository
Update Complete. ⎈Happy Helming!⎈
Saving 4 charts
Downloading fmtok8s-agenda from repo http://jenkins-x-chartmuseum:8080
Downloading fmtok8s-c4p from repo http://jenkins-x-chartmuseum:8080
Downloading fmtok8s-api-gateway from repo http://jenkins-x-chartmuseum:8080
Downloading fmtok8s-email from repo http://jenkins-x-chartmuseum:8080
Deleting outdated charts
helm lint jnation-app
==> Linting jnation-app
Lint OK

1 chart(s) linted, no failures
