
Showing logs for build [32msalaboy-fmtok8s-jnation-app-mas-qljx8-2[0m stage [32mfrom-build-pack[0m and container [32mstep-credential-initializer-xrzwt[0m
{"level":"info","ts":1591041451.4696202,"logger":"fallback-logger","caller":"logging/config.go:69","msg":"Fetch GitHub commit ID from kodata failed: open /var/run/ko/refs/heads/0.8.0-ns-support: no such file or directory"}
{"level":"info","ts":1591041451.4705005,"logger":"fallback-logger","caller":"creds-init/main.go:40","msg":"Credentials initialized."}

Showing logs for build [32msalaboy-fmtok8s-jnation-app-mas-qljx8-2[0m stage [32mfrom-build-pack[0m and container [32mstep-working-dir-initializer-rrklw[0m
{"level":"info","ts":1591041452.8921385,"logger":"fallback-logger","caller":"logging/config.go:69","msg":"Fetch GitHub commit ID from kodata failed: open /var/run/ko/HEAD: no such file or directory"}
{"level":"info","ts":1591041452.8933313,"logger":"fallback-logger","caller":"bash/main.go:64","msg":"Successfully executed command \"sh -c mkdir -p /workspace/source\"; output "}

Showing logs for build [32msalaboy-fmtok8s-jnation-app-mas-qljx8-2[0m stage [32mfrom-build-pack[0m and container [32mstep-place-tools[0m

Showing logs for build [32msalaboy-fmtok8s-jnation-app-mas-qljx8-2[0m stage [32mfrom-build-pack[0m and container [32mstep-git-source-salaboy-fmtok8s-jnation-app-mas-qljx8-vt9wh[0m
{"level":"info","ts":1591041458.9688368,"logger":"fallback-logger","caller":"logging/config.go:69","msg":"Fetch GitHub commit ID from kodata failed: open /var/run/ko/refs/heads/0.8.0-ns-support: no such file or directory"}
{"level":"info","ts":1591041460.0277781,"logger":"fallback-logger","caller":"git/git.go:103","msg":"Successfully cloned https://github.com/*******/fmtok8s-jnation-app.git @ v0.0.2 in path /workspace/source"}

Showing logs for build [32msalaboy-fmtok8s-jnation-app-mas-qljx8-2[0m stage [32mfrom-build-pack[0m and container [32mstep-git-merge[0m
Using SHAs from PULL_REFS=master:d2c129b08dcc87fedfdb386638f4039d7db5a72e
WARNING: no SHAs to merge, falling back to initial cloned commit

Showing logs for build [32msalaboy-fmtok8s-jnation-app-mas-qljx8-2[0m stage [32mfrom-build-pack[0m and container [32mstep-setup-jx-git-credentials[0m
Generated Git credentials file /builder/home/git/credentials

Showing logs for build [32msalaboy-fmtok8s-jnation-app-mas-qljx8-2[0m stage [32mfrom-build-pack[0m and container [32mstep-build-basic-auth-username[0m
Command "credential" is deprecated, it will be removed on Jun 1 2020.  This is replaced by Tekton's mounted secrets
/builder/home/basic-auth-user.json

Showing logs for build [32msalaboy-fmtok8s-jnation-app-mas-qljx8-2[0m stage [32mfrom-build-pack[0m and container [32mstep-build-basic-auth-password[0m
Command "credential" is deprecated, it will be removed on Jun 1 2020.  This is replaced by Tekton's mounted secrets
/builder/home/basic-auth-pass.json

Showing logs for build [32msalaboy-fmtok8s-jnation-app-mas-qljx8-2[0m stage [32mfrom-build-pack[0m and container [32mstep-build-release[0m
rm -rf jnation-app/charts
rm -rf jnation-app/jnation-app*.tgz
rm -rf jnation-app/requirements.lock
helm init --client-only
Creating /builder/home/.helm 
Creating /builder/home/.helm/repository 
Creating /builder/home/.helm/repository/cache 
Creating /builder/home/.helm/repository/local 
Creating /builder/home/.helm/plugins 
Creating /builder/home/.helm/starters 
Creating /builder/home/.helm/cache/archive 
Creating /builder/home/.helm/repository/repositories.yaml 
Adding stable repo with URL: https://kubernetes-charts.storage.googleapis.com 
Adding local repo with URL: http://127.0.0.1:8879/charts 
$HELM_HOME has been configured at /builder/home/.helm.
Not installing Tiller due to 'client-only' flag having been set
Happy Helming!
helm repo add jenkins-x http://chartmuseum.jenkins-x.io
"jenkins-x" has been added to your repositories
helm repo add zeebe http://helm.zeebe.io
"zeebe" has been added to your repositories
helm repo add releases http://jenkins-x-chartmuseum:8080
"releases" has been added to your repositories
helm dependency build jnation-app
Hang tight while we grab the latest from your chart repositories...
...Unable to get an update from the "local" chart repository (http://127.0.0.1:8879/charts):
	Get http://127.0.0.1:8879/charts/index.yaml: dial tcp 127.0.0.1:8879: connect: connection refused
...Successfully got an update from the "releases" chart repository
...Successfully got an update from the "zeebe" chart repository
...Successfully got an update from the "stable" chart repository
...Successfully got an update from the "jenkins-x" chart repository
Update Complete. ⎈Happy Helming!⎈
Saving 4 charts
Downloading fmtok8s-agenda from repo http://jenkins-x-chartmuseum:8080
Downloading fmtok8s-c4p from repo http://jenkins-x-chartmuseum:8080
Downloading fmtok8s-api-gateway from repo http://jenkins-x-chartmuseum:8080
Downloading fmtok8s-email from repo http://jenkins-x-chartmuseum:8080
Deleting outdated charts
helm lint jnation-app
==> Linting jnation-app
Lint OK

1 chart(s) linted, no failures
sed -i -e "s/version:.*/version: 0.0.2/" jnation-app/Chart.yaml
helm package jnation-app
Successfully packaged chart and saved it to: /workspace/source/jnation-app-0.0.2.tgz
curl --fail -u *****:********** --data-binary "@jnation-app-0.0.2.tgz" http://jenkins-x-chartmuseum:8080/api/charts
  % Total    % Received % Xferd  Average Speed   Time    Time     Time  Current
                                 Dload  Upload   Total   Spent    Left  Speed
  0     0    0     0    0     0      0      0 --:--:-- --:--:-- --:--:--     0100  6905  100    14  100  6891   1425   685k --:--:-- --:--:-- --:--:--  747k
{"saved":true}rm -rf jnation-app*.tgz
** step changelog  --verbose --version 0.0.2 --rev d2c129b08dcc87fedfdb386638f4039d7db5a72e
DEBUG: LC_ALL=C JX_LOG_LEVEL=error git rev-parse --is-shallow-repository
DEBUG: JX_LOG_LEVEL=error LC_ALL=C git fetch --unshallow
DEBUG: JX_LOG_LEVEL=error LC_ALL=C git fetch --tags
Converted /workspace/source to an unshallow repository
DEBUG: LC_ALL=C JX_LOG_LEVEL=error git for-each-ref --sort=-creatordate --format=%(objectname)%00%(refname:short) --count=2 refs/tags
DEBUG: LC_ALL=C JX_LOG_LEVEL=error git rev-list -n 1 f220b86bd16946898c4440cc65fb37b4dc30949f
DEBUG: Using helmBinary helm with feature flag: template-mode
Generating change log from git ref 123199345e00536e0d7a12170bafe40bf1422276 => d2c129b08dcc87fedfdb386638f4039d7db5a72e
DEBUG: Found commits:
DEBUG:   commit d2c129b08dcc87fedfdb386638f4039d7db5a72e
DEBUG:   Author: ******* <Salaboy@gmail.com>
DEBUG:   Date: Mon Jun  1 20:56:59 2020
DEBUG:       Merge pull request #1 from *******/bump-chart-version-bc36fe0b-a441-11ea-9030-d65d0a3409e3

chore(deps): bump https://github.com/*******/fmtok8s-agenda from 0.0.30 to 0.0.31


DEBUG:   commit 4251526d29b71ba88df237fbcfe6130903c72906
DEBUG:   Author: jenkins-x-bot <jenkins-x@googlegroups.com>
DEBUG:   Date: Mon Jun  1 19:54:42 2020
DEBUG:       chore(deps): bump https://github.com/*******/fmtok8s-agenda from 0.0.30 to 0.0.31

Command run was `** step create pr chart --name fmtok8s-agenda --version 0.0.31 --repo https://github.com/*******/fmtok8s-jnation-app.git`



WARNING: Failed to enrich commit 4251526d29b71ba88df237fbcfe6130903c72906 with issues: users.jenkins.io "x-0" already exists
WARNING: Failed to enrich commit 4251526d29b71ba88df237fbcfe6130903c72906 with issues: users.jenkins.io "x-0" already exists
Finding issues in commit messages using git format
DEBUG: Generated release notes:

## Changes

### Chores

* deps: bump https://github.com/*******/fmtok8s-agenda from 0.0.30 to 0.0.31

### Dependency Updates

| Dependency | Component | New Version | Old Version |
| ---------- | --------- | ----------- | ----------- |
| [*******/fmtok8s-agenda](https://github.com/*******/fmtok8s-agenda) |  | [0.0.31](https://github.com/*******/fmtok8s-agenda/releases/tag/v0.0.31) | [0.0.30](https://github.com/*******/fmtok8s-agenda/releases/tag/v0.0.30)|

DEBUG: LC_ALL=C JX_LOG_LEVEL=error git tag --list 0.0.2
DEBUG: LC_ALL=C JX_LOG_LEVEL=error git tag --list v0.0.2
WARNING: No release found for *******/fmtok8s-jnation-app and tag v0.0.2 so creating a new release
Updated the release information at https://github.com/*******/fmtok8s-jnation-app/releases/tag/v0.0.2
Uploaded /workspace/source/dependency-matrix/matrix.yaml to release asset https://github.com/*******/fmtok8s-jnation-app/releases/download/v0.0.2/dependency-matrix.yaml
Uploaded dependency-updates.yaml to release asset https://github.com/*******/fmtok8s-jnation-app/releases/download/v0.0.2/dependency-updates.yaml
generated: /workspace/source/jnation-app/templates/release.yaml
Created Release fmtok8s-jnation-app-0-0-2 resource in namespace **
Updating PipelineActivity *******-fmtok8s-jnation-app-master-2 with version 0.0.2
Updated PipelineActivities *******-fmtok8s-jnation-app-master-2 with release notes URL: https://github.com/*******/fmtok8s-jnation-app/releases/tag/v0.0.2
