
Showing logs for build [32msalaboy-fmtok8s-jnation-app-pr-xkgtb-1[0m stage [32mfrom-build-pack[0m and container [32mstep-credential-initializer-6bf7j[0m
{"level":"info","ts":1591089795.0750158,"logger":"fallback-logger","caller":"logging/config.go:69","msg":"Fetch GitHub commit ID from kodata failed: open /var/run/ko/refs/heads/0.8.0-ns-support: no such file or directory"}
{"level":"info","ts":1591089795.0758038,"logger":"fallback-logger","caller":"creds-init/main.go:40","msg":"Credentials initialized."}

Showing logs for build [32msalaboy-fmtok8s-jnation-app-pr-xkgtb-1[0m stage [32mfrom-build-pack[0m and container [32mstep-working-dir-initializer-5d4wc[0m
{"level":"info","ts":1591089796.5542827,"logger":"fallback-logger","caller":"logging/config.go:69","msg":"Fetch GitHub commit ID from kodata failed: open /var/run/ko/HEAD: no such file or directory"}
{"level":"info","ts":1591089796.5681171,"logger":"fallback-logger","caller":"bash/main.go:64","msg":"Successfully executed command \"sh -c mkdir -p /workspace/source\"; output "}

Showing logs for build [32msalaboy-fmtok8s-jnation-app-pr-xkgtb-1[0m stage [32mfrom-build-pack[0m and container [32mstep-place-tools[0m

Showing logs for build [32msalaboy-fmtok8s-jnation-app-pr-xkgtb-1[0m stage [32mfrom-build-pack[0m and container [32mstep-git-source-salaboy-fmtok8s-jnation-app-pr-xkgtb-vhrtl[0m
{"level":"info","ts":1591089800.9887202,"logger":"fallback-logger","caller":"logging/config.go:69","msg":"Fetch GitHub commit ID from kodata failed: open /var/run/ko/refs/heads/0.8.0-ns-support: no such file or directory"}
{"level":"info","ts":1591089802.1206965,"logger":"fallback-logger","caller":"git/git.go:103","msg":"Successfully cloned https://github.com/*******/fmtok8s-jnation-app.git @ master in path /workspace/source"}

Showing logs for build [32msalaboy-fmtok8s-jnation-app-pr-xkgtb-1[0m stage [32mfrom-build-pack[0m and container [32mstep-git-merge[0m
Using SHAs from PULL_REFS=master:fdb4ea466262f7bfe442031c0901632f31689481,4:070b0e0ff0d664f8f8e9692f4656c88742290490
DEBUG: LC_ALL=C JX_LOG_LEVEL=error git fetch origin --unshallow 070b0e0ff0d664f8f8e9692f4656c88742290490: fdb4ea466262f7bfe442031c0901632f31689481:
DEBUG: ran git fetch --unshallow origin 070b0e0ff0d664f8f8e9692f4656c88742290490: fdb4ea466262f7bfe442031c0901632f31689481: in 
DEBUG: LC_ALL=C JX_LOG_LEVEL=error git branch
DEBUG: JX_LOG_LEVEL=error LC_ALL=C git checkout master
DEBUG: ran git checkout master in 
DEBUG: LC_ALL=C JX_LOG_LEVEL=error git reset --hard fdb4ea466262f7bfe442031c0901632f31689481
DEBUG: ran git reset --hard fdb4ea466262f7bfe442031c0901632f31689481 in 
DEBUG: LC_ALL=C JX_LOG_LEVEL=error git clean -fd .
DEBUG: ran clean --force -d . in 
DEBUG: LC_ALL=C JX_LOG_LEVEL=error git merge 070b0e0ff0d664f8f8e9692f4656c88742290490
DEBUG: ran git merge 070b0e0ff0d664f8f8e9692f4656c88742290490 in 
DEBUG: JX_LOG_LEVEL=error LC_ALL=C git log --format=%H%x1f%an%x1f%ae%x1f%cn%x1f%ce%x1f%s%n%b%x1e fdb4ea466262f7bfe442031c0901632f31689481..HEAD
Merged SHA 070b0e0ff0d664f8f8e9692f4656c88742290490 with commit message 'chore(deps): bump https://github.com/*******/fmtok8s-email from 0.0.17 to 0.0.18' into base branch master

Showing logs for build [32msalaboy-fmtok8s-jnation-app-pr-xkgtb-1[0m stage [32mfrom-build-pack[0m and container [32mstep-build-build[0m
cat: /builder/home/basic-auth-user.json: No such file or directory
cat: /builder/home/basic-auth-pass.json: No such file or directory
rm -rf jnation-app/charts
rm -rf jnation-app/jnation-app*.tgz
rm -rf jnation-app/requirements.lock
helm init --client-only
Creating /builder/home/.helm 
Creating /builder/home/.helm/repository 
Creating /builder/home/.helm/repository/cache 
Creating /builder/home/.helm/repository/local 
Creating /builder/home/.helm/plugins 
Creating /builder/home/.helm/starters 
Creating /builder/home/.helm/cache/archive 
Creating /builder/home/.helm/repository/repositories.yaml 
Adding stable repo with URL: https://kubernetes-charts.storage.googleapis.com 
Adding local repo with URL: http://127.0.0.1:8879/charts 
$HELM_HOME has been configured at /builder/home/.helm.
Not installing Tiller due to 'client-only' flag having been set
Happy Helming!
helm repo add jenkins-x http://chartmuseum.jenkins-x.io
"jenkins-x" has been added to your repositories
helm repo add zeebe http://helm.zeebe.io
"zeebe" has been added to your repositories
helm repo add releases http://jenkins-x-chartmuseum:8080
"releases" has been added to your repositories
helm dependency build jnation-app
Hang tight while we grab the latest from your chart repositories...
...Unable to get an update from the "local" chart repository (http://127.0.0.1:8879/charts):
	Get http://127.0.0.1:8879/charts/index.yaml: dial tcp 127.0.0.1:8879: connect: connection refused
...Successfully got an update from the "releases" chart repository
...Successfully got an update from the "zeebe" chart repository
...Successfully got an update from the "jenkins-x" chart repository
...Successfully got an update from the "stable" chart repository
Update Complete. ⎈Happy Helming!⎈
Saving 4 charts
Downloading fmtok8s-agenda from repo http://jenkins-x-chartmuseum:8080
Downloading fmtok8s-c4p from repo http://jenkins-x-chartmuseum:8080
Downloading fmtok8s-api-gateway from repo http://jenkins-x-chartmuseum:8080
Downloading fmtok8s-email from repo http://jenkins-x-chartmuseum:8080
Deleting outdated charts
helm lint jnation-app
==> Linting jnation-app
Lint OK

1 chart(s) linted, no failures
