
Showing logs for build [32mmeta-salaboy-fmtok8s-jnation-ap-7mf79-2[0m stage [32mmeta-pipeline[0m and container [32mstep-credential-initializer-krpck[0m
{"level":"info","ts":1591042321.733099,"logger":"fallback-logger","caller":"logging/config.go:69","msg":"Fetch GitHub commit ID from kodata failed: open /var/run/ko/refs/heads/0.8.0-ns-support: no such file or directory"}
{"level":"info","ts":1591042321.733648,"logger":"fallback-logger","caller":"creds-init/main.go:40","msg":"Credentials initialized."}

Showing logs for build [32mmeta-salaboy-fmtok8s-jnation-ap-7mf79-2[0m stage [32mmeta-pipeline[0m and container [32mstep-working-dir-initializer-c86jc[0m
{"level":"info","ts":1591042322.6682255,"logger":"fallback-logger","caller":"logging/config.go:69","msg":"Fetch GitHub commit ID from kodata failed: open /var/run/ko/HEAD: no such file or directory"}
{"level":"info","ts":1591042322.6817515,"logger":"fallback-logger","caller":"bash/main.go:64","msg":"Successfully executed command \"sh -c mkdir -p /workspace/source\"; output "}

Showing logs for build [32mmeta-salaboy-fmtok8s-jnation-ap-7mf79-2[0m stage [32mmeta-pipeline[0m and container [32mstep-place-tools[0m

Showing logs for build [32mmeta-salaboy-fmtok8s-jnation-ap-7mf79-2[0m stage [32mmeta-pipeline[0m and container [32mstep-git-source-meta-salaboy-fmtok8s-jnation-ap-7mf79-xcfnm[0m
{"level":"info","ts":1591042328.954414,"logger":"fallback-logger","caller":"logging/config.go:69","msg":"Fetch GitHub commit ID from kodata failed: open /var/run/ko/refs/heads/0.8.0-ns-support: no such file or directory"}
{"level":"info","ts":1591042330.2079232,"logger":"fallback-logger","caller":"git/git.go:103","msg":"Successfully cloned https://github.com/*******/fmtok8s-jnation-app.git @ abe4eb4f4dc38630969032c8982c81cf6c14a403 in path /workspace/source"}

Showing logs for build [32mmeta-salaboy-fmtok8s-jnation-ap-7mf79-2[0m stage [32mmeta-pipeline[0m and container [32mstep-git-merge[0m
Using SHAs from PULL_REFS=master:abe4eb4f4dc38630969032c8982c81cf6c14a403,3:f497ededeacf937d07f629d4e9a88363b0315f30
DEBUG: LC_ALL=C JX_LOG_LEVEL=error git fetch origin --unshallow f497ededeacf937d07f629d4e9a88363b0315f30: abe4eb4f4dc38630969032c8982c81cf6c14a403:
DEBUG: ran git fetch --unshallow origin f497ededeacf937d07f629d4e9a88363b0315f30: abe4eb4f4dc38630969032c8982c81cf6c14a403: in 
DEBUG: LC_ALL=C JX_LOG_LEVEL=error git branch
DEBUG: LC_ALL=C JX_LOG_LEVEL=error git checkout master
DEBUG: ran git checkout master in 
DEBUG: LC_ALL=C JX_LOG_LEVEL=error git reset --hard abe4eb4f4dc38630969032c8982c81cf6c14a403
DEBUG: ran git reset --hard abe4eb4f4dc38630969032c8982c81cf6c14a403 in 
DEBUG: JX_LOG_LEVEL=error LC_ALL=C git clean -fd .
DEBUG: ran clean --force -d . in 
DEBUG: LC_ALL=C JX_LOG_LEVEL=error git merge f497ededeacf937d07f629d4e9a88363b0315f30
error: error during merge: merging f497ededeacf937d07f629d4e9a88363b0315f30 into master: git output: Auto-merging jnation-app/requirements.yaml
Auto-merging dependency-matrix/matrix.yaml
Auto-merging dependency-matrix/matrix.md
CONFLICT (content): Merge conflict in dependency-matrix/matrix.md
Automatic merge failed; fix conflicts and then commit the result.: failed to run 'git merge f497ededeacf937d07f629d4e9a88363b0315f30' command in directory '', output: 'Auto-merging jnation-app/requirements.yaml
Auto-merging dependency-matrix/matrix.yaml
Auto-merging dependency-matrix/matrix.md
CONFLICT (content): Merge conflict in dependency-matrix/matrix.md
Automatic merge failed; fix conflicts and then commit the result.'
[31m
Pipeline failed on stage 'meta-pipeline' : container 'step-git-merge'. The execution of the pipeline has stopped.[0m
