
Showing logs for build [32msalaboy-fmtok8s-jnation-app-pr-4tn6p-3[0m stage [32mfrom-build-pack[0m and container [32mstep-credential-initializer-4qldl[0m
{"level":"info","ts":1591042385.3706906,"logger":"fallback-logger","caller":"logging/config.go:69","msg":"Fetch GitHub commit ID from kodata failed: open /var/run/ko/refs/heads/0.8.0-ns-support: no such file or directory"}
{"level":"info","ts":1591042385.3715892,"logger":"fallback-logger","caller":"creds-init/main.go:40","msg":"Credentials initialized."}

Showing logs for build [32msalaboy-fmtok8s-jnation-app-pr-4tn6p-3[0m stage [32mfrom-build-pack[0m and container [32mstep-working-dir-initializer-m2bxc[0m
{"level":"info","ts":1591042386.5290558,"logger":"fallback-logger","caller":"logging/config.go:69","msg":"Fetch GitHub commit ID from kodata failed: open /var/run/ko/HEAD: no such file or directory"}
{"level":"info","ts":1591042386.551544,"logger":"fallback-logger","caller":"bash/main.go:64","msg":"Successfully executed command \"sh -c mkdir -p /workspace/source\"; output "}

Showing logs for build [32msalaboy-fmtok8s-jnation-app-pr-4tn6p-3[0m stage [32mfrom-build-pack[0m and container [32mstep-place-tools[0m

Showing logs for build [32msalaboy-fmtok8s-jnation-app-pr-4tn6p-3[0m stage [32mfrom-build-pack[0m and container [32mstep-git-source-salaboy-fmtok8s-jnation-app-pr-4tn6p-5mv8x[0m
{"level":"info","ts":1591042391.863035,"logger":"fallback-logger","caller":"logging/config.go:69","msg":"Fetch GitHub commit ID from kodata failed: open /var/run/ko/refs/heads/0.8.0-ns-support: no such file or directory"}
{"level":"info","ts":1591042393.0485125,"logger":"fallback-logger","caller":"git/git.go:103","msg":"Successfully cloned https://github.com/*******/fmtok8s-jnation-app.git @ master in path /workspace/source"}

Showing logs for build [32msalaboy-fmtok8s-jnation-app-pr-4tn6p-3[0m stage [32mfrom-build-pack[0m and container [32mstep-git-merge[0m
Using SHAs from PULL_REFS=master:abe4eb4f4dc38630969032c8982c81cf6c14a403,3:917fb9d06941363eeaebba38c93ea0888ccbb529
DEBUG: LC_ALL=C JX_LOG_LEVEL=error git fetch origin --unshallow 917fb9d06941363eeaebba38c93ea0888ccbb529: abe4eb4f4dc38630969032c8982c81cf6c14a403:
DEBUG: ran git fetch --unshallow origin 917fb9d06941363eeaebba38c93ea0888ccbb529: abe4eb4f4dc38630969032c8982c81cf6c14a403: in 
DEBUG: LC_ALL=C JX_LOG_LEVEL=error git branch
DEBUG: JX_LOG_LEVEL=error LC_ALL=C git checkout master
DEBUG: ran git checkout master in 
DEBUG: LC_ALL=C JX_LOG_LEVEL=error git reset --hard abe4eb4f4dc38630969032c8982c81cf6c14a403
DEBUG: ran git reset --hard abe4eb4f4dc38630969032c8982c81cf6c14a403 in 
DEBUG: JX_LOG_LEVEL=error LC_ALL=C git clean -fd .
DEBUG: ran clean --force -d . in 
DEBUG: LC_ALL=C JX_LOG_LEVEL=error git merge 917fb9d06941363eeaebba38c93ea0888ccbb529
DEBUG: ran git merge 917fb9d06941363eeaebba38c93ea0888ccbb529 in 
DEBUG: JX_LOG_LEVEL=error LC_ALL=C git log --format=%H%x1f%an%x1f%ae%x1f%cn%x1f%ce%x1f%s%n%b%x1e abe4eb4f4dc38630969032c8982c81cf6c14a403..HEAD
Merged SHA b21680a2d65f8b6a88bae6e6a733e63acd97e1a4 with commit message 'Merge commit '917fb9d06941363eeaebba38c93ea0888ccbb529'' into base branch master
Merged SHA 917fb9d06941363eeaebba38c93ea0888ccbb529 with commit message 'chore(deps): bump https://github.com/*******/fmtok8s-api-gateway from 0.0.44 to 0.0.45' into base branch master
Merged SHA f2869ac1a47cefed3f74bf810e49bde835c6df06 with commit message 'chore(deps): bump https://github.com/*******/fmtok8s-c4p from 0.0.40 to 0.0.41' into base branch master
Merged SHA f497ededeacf937d07f629d4e9a88363b0315f30 with commit message 'chore(deps): bump https://github.com/*******/fmtok8s-email from 0.0.16 to 0.0.17' into base branch master

Showing logs for build [32msalaboy-fmtok8s-jnation-app-pr-4tn6p-3[0m stage [32mfrom-build-pack[0m and container [32mstep-build-build[0m
cat: /builder/home/basic-auth-user.json: No such file or directory
cat: /builder/home/basic-auth-pass.json: No such file or directory
rm -rf jnation-app/charts
rm -rf jnation-app/jnation-app*.tgz
rm -rf jnation-app/requirements.lock
helm init --client-only
Creating /builder/home/.helm 
Creating /builder/home/.helm/repository 
Creating /builder/home/.helm/repository/cache 
Creating /builder/home/.helm/repository/local 
Creating /builder/home/.helm/plugins 
Creating /builder/home/.helm/starters 
Creating /builder/home/.helm/cache/archive 
Creating /builder/home/.helm/repository/repositories.yaml 
Adding stable repo with URL: https://kubernetes-charts.storage.googleapis.com 
Adding local repo with URL: http://127.0.0.1:8879/charts 
$HELM_HOME has been configured at /builder/home/.helm.
Not installing Tiller due to 'client-only' flag having been set
Happy Helming!
helm repo add jenkins-x http://chartmuseum.jenkins-x.io
"jenkins-x" has been added to your repositories
helm repo add zeebe http://helm.zeebe.io
"zeebe" has been added to your repositories
helm repo add releases http://jenkins-x-chartmuseum:8080
"releases" has been added to your repositories
helm dependency build jnation-app
Hang tight while we grab the latest from your chart repositories...
...Unable to get an update from the "local" chart repository (http://127.0.0.1:8879/charts):
	Get http://127.0.0.1:8879/charts/index.yaml: dial tcp 127.0.0.1:8879: connect: connection refused
...Successfully got an update from the "releases" chart repository
...Successfully got an update from the "zeebe" chart repository
...Successfully got an update from the "stable" chart repository
...Successfully got an update from the "jenkins-x" chart repository
Update Complete. ⎈Happy Helming!⎈
Saving 4 charts
Downloading fmtok8s-agenda from repo http://jenkins-x-chartmuseum:8080
Downloading fmtok8s-c4p from repo http://jenkins-x-chartmuseum:8080
Downloading fmtok8s-api-gateway from repo http://jenkins-x-chartmuseum:8080
Downloading fmtok8s-email from repo http://jenkins-x-chartmuseum:8080
Deleting outdated charts
helm lint jnation-app
==> Linting jnation-app
Lint OK

1 chart(s) linted, no failures
